#
# A fatal error has been detected by the Java Runtime Environment:
#
#  SIGSEGV (0xb) at pc=0x00007fff946574e9, pid=24250, tid=77415
#
# JRE version: Java(TM) SE Runtime Environment (8.0_77-b03) (build 1.8.0_77-b03)
# Java VM: Java HotSpot(TM) 64-Bit Server VM (25.77-b03 mixed mode bsd-amd64 compressed oops)
# Problematic frame:
# C  [libobjc.A.dylib+0x14e9]  objc_msgSend+0x29
#
# Failed to write core dump. Core dumps have been disabled. To enable core dumping, try "ulimit -c unlimited" before starting Java again
#
# If you would like to submit a bug report, please visit:
#   http://bugreport.java.com/bugreport/crash.jsp
#

---------------  T H R E A D  ---------------

Current thread is native thread

siginfo: si_signo: 11 (SIGSEGV), si_code: 0 (unknown), si_addr: 0x0000000000000000

Registers:
RAX=0x00007fff7488fd88, RBX=0x00007fed7a672ad0, RCX=0x00007fff956cffc8, RDX=0x00007fed801ffa10
RSP=0x000070000124fcd8, RBP=0x000070000124fd20, RSI=0x00007fff87b5bb7a, RDI=0x00007fff74af31f8
R8 =0x0000000000000001, R9 =0x0000000000000000, R10=0x554156415852e989, R11=0x00007fff956cffc8
R12=0x00000000000000e0, R13=0x00007fed7a672ad0, R14=0x00007fed7a672bb0, R15=0x00007fed7a672ac0
RIP=0x00007fff946574e9, EFLAGS=0x0000000000010202, ERR=0x0000000000000000
  TRAPNO=0x000000000000000d

Top of Stack: (sp=0x000070000124fcd8)
0x000070000124fcd8:   00007fff87ee18a6 00007fed801ffa10
0x000070000124fce8:   00007fed7a755a80 00007fed801ffa20
0x000070000124fcf8:   00007fed7a756d10 0000000101802080
0x000070000124fd08:   0000000000000000 00007fed7a756d28
0x000070000124fd18:   00000001018020c0 000070000124fd40
0x000070000124fd28:   00007fff87ecd295 00007fed7a756d10
0x000070000124fd38:   00007fed7a757c30 000070000124fd60
0x000070000124fd48:   00007fff87ecd2da 00007fff72ccbbe0
0x000070000124fd58:   00007fed7f051430 000070000124fd80
0x000070000124fd68:   00007fff93828871 0000000101604040
0x000070000124fd78:   0000000000000000 000070000124fda0
0x000070000124fd88:   00007fff9381d33f 0000000101604040
0x000070000124fd98:   0000000000000000 000070000124fe20
0x000070000124fda8:   00007fff93821f6f 000070000124fde0
0x000070000124fdb8:   0000000100f99000 00000000a40008ff
0x000070000124fdc8:   00007fff74587180 00007fed7a757c70
0x000070000124fdd8:   00007fff74587101 0000000000010001
0x000070000124fde8:   00007fff74587180 00007fed7a757c64
0x000070000124fdf8:   0000000000000000 0000000000000000
0x000070000124fe08:   00007fed7a757c60 00007fed7a757c30
0x000070000124fe18:   00007fff74587180 000070000124fe80
0x000070000124fe28:   00007fff9382863b 00007fed7f300000
0x000070000124fe38:   00007fed7f32a1b0 0000000000012e67
0x000070000124fe48:   0000000000012e67 0000000000012e67
0x000070000124fe58:   00007fed7a757c30 00007fff74587180
0x000070000124fe68:   00007fff745871c0 00007fff745871b8
0x000070000124fe78:   0000000000000000 000070000124fef0
0x000070000124fe88:   00007fff93820c87 0000000000000000
0x000070000124fe98:   0000000000000000 0000000000000000
0x000070000124fea8:   0000000000000000 00007fed80204038
0x000070000124feb8:   0000000000000000 00000000000008ff
0x000070000124fec8:   0000000080000000 0000700001250000 

Instructions: (pc=0x00007fff946574e9)
0x00007fff946574c9:   01 2e 75 66 49 bb f8 ff ff ff ff 7f 00 00 4c 23
0x00007fff946574d9:   1f 49 89 f2 45 23 53 18 49 c1 e2 04 4d 03 53 10
0x00007fff946574e9:   49 3b 32 75 04 41 ff 62 08 49 83 3a 01 76 0d 49
0x00007fff946574f9:   83 c2 10 49 3b 32 75 f1 41 ff 62 08 72 40 4d 8b 

Register to memory mapping:

RAX=0x00007fff7488fd88: SEL_retain+0 in /usr/lib/libobjc.A.dylib at 0x00007fff94656000
RBX=0x00007fed7a672ad0 is an unknown value
RCX=0x00007fff956cffc8: _ZL21MenuItemIndexToStringjPvS_PPK10__CFStringPt+0x60 in /System/Library/Frameworks/Carbon.framework/Versions/A/Frameworks/HIToolbox.framework/Versions/A/HIToolbox at 0x00007fff95520000
RDX=0x00007fed801ffa10 is an unknown value
RSP=0x000070000124fcd8 is an unknown value
RBP=0x000070000124fd20 is an unknown value
RSI=0x00007fff87b5bb7a: CreateStringFromFileSystemRepresentationByAddingPercentEscapes.hexchars+0x144ca in /System/Library/Frameworks/CoreFoundation.framework/Versions/A/CoreFoundation at 0x00007fff876fb000
RDI=0x00007fff74af31f8: _ZTV8MenuData+0x10 in /System/Library/Frameworks/Carbon.framework/Versions/A/Frameworks/HIToolbox.framework/Versions/A/HIToolbox at 0x00007fff95520000
R8 =0x0000000000000001 is an unknown value
R9 =0x0000000000000000 is an unknown value
R10=0x554156415852e989 is an unknown value
R11=0x00007fff956cffc8: _ZL21MenuItemIndexToStringjPvS_PPK10__CFStringPt+0x60 in /System/Library/Frameworks/Carbon.framework/Versions/A/Frameworks/HIToolbox.framework/Versions/A/HIToolbox at 0x00007fff95520000
R12=0x00000000000000e0 is an unknown value
R13=0x00007fed7a672ad0 is an unknown value
R14=0x00007fed7a672bb0 is an unknown value
R15=0x00007fed7a672ac0 is an unknown value


Stack: [0x00007000011d0000,0x0000700001250000],  sp=0x000070000124fcd8,  free space=511k
Native frames: (J=compiled Java code, j=interpreted, Vv=VM code, C=native code)
C  [libobjc.A.dylib+0x14e9]  objc_msgSend+0x29
C  [CoreAudio+0x32295]  HALC_ProxyObject::~HALC_ProxyObject()+0x4b
C  [CoreAudio+0x322da]  HALC_ProxyObject::~HALC_ProxyObject()+0xe
C  [libdispatch.dylib+0xd871]  _dispatch_call_block_and_release+0xc
C  [libdispatch.dylib+0x233f]  _dispatch_client_callout+0x8
C  [libdispatch.dylib+0x6f6f]  _dispatch_queue_drain+0x2f2
C  [libdispatch.dylib+0xd63b]  _dispatch_queue_invoke+0x225
C  [libdispatch.dylib+0x5c87]  _dispatch_root_queue_drain+0x21a
C  [libdispatch.dylib+0x5a34]  _dispatch_worker_thread3+0x5b
C  [libsystem_pthread.dylib+0x368f]  _pthread_wqthread+0x469
C  [libsystem_pthread.dylib+0x1365]  start_wqthread+0xd


---------------  P R O C E S S  ---------------

VM state:not at safepoint (normal execution)

VM Mutex/Monitor currently owned by a thread: None

Heap:
 PSYoungGen      total 418816K, used 332941K [0x0000000795580000, 0x00000007bc380000, 0x00000007c0000000)
  eden space 418304K, 79% used [0x0000000795580000,0x00000007a9a9b7e0,0x00000007aee00000)
  from space 512K, 6% used [0x00000007bc300000,0x00000007bc308000,0x00000007bc380000)
  to   space 8192K, 0% used [0x00000007bb380000,0x00000007bb380000,0x00000007bbb80000)
 ParOldGen       total 87552K, used 47134K [0x0000000740000000, 0x0000000745580000, 0x0000000795580000)
  object space 87552K, 53% used [0x0000000740000000,0x0000000742e07978,0x0000000745580000)
 Metaspace       used 13814K, capacity 14008K, committed 14208K, reserved 1060864K
  class space    used 1785K, capacity 1842K, committed 1920K, reserved 1048576K

Card table byte_map: [0x0000000111da3000,0x00000001121a4000] byte_map_base: 0x000000010e3a3000

Marking Bits: (ParMarkBitMap*) 0x00000001022e3ea0
 Begin Bits: [0x000000011244f000, 0x000000011444f000)
 End Bits:   [0x000000011444f000, 0x000000011644f000)

Polling page: 0x00000001011fe000

CodeCache: size=245760Kb used=6554Kb max_used=6565Kb free=239205Kb
 bounds [0x00000001029e3000, 0x0000000103063000, 0x00000001119e3000]
 total_blobs=2379 nmethods=1845 adapters=447
 compilation: enabled

Compilation events (10 events):
Event: 116.396 Thread 0x00007fed7c012800 1944       4       sun.java2d.SunGraphics2D::checkFontInfo (721 bytes)
Event: 116.437 Thread 0x00007fed7c012800 nmethod 1944 0x000000010301fb50 code [0x000000010301fe00, 0x0000000103021368]
Event: 119.321 Thread 0x00007fed7b05e800 1945   !   4       javax.swing.RepaintManager::addDirtyRegion0 (205 bytes)
Event: 119.388 Thread 0x00007fed7b05e800 nmethod 1945 0x000000010304ef50 code [0x000000010304f3e0, 0x00000001030525f8]
Event: 156.717 Thread 0x00007fed7c012800 1946       4       javax.swing.JComponent::repaint (19 bytes)
Event: 156.721 Thread 0x00007fed7c012800 nmethod 1946 0x000000010303e9d0 code [0x000000010303eba0, 0x000000010303ef80]
Event: 161.618 Thread 0x00007fed7b05e800 1947       4       Board::drawText (153 bytes)
Event: 161.652 Thread 0x00007fed7b05e800 nmethod 1947 0x000000010304a510 code [0x000000010304a860, 0x000000010304bca0]
Event: 164.335 Thread 0x00007fed7c012800 1948       4       java.util.concurrent.locks.ReentrantLock$NonfairSync::tryAcquire (6 bytes)
Event: 164.336 Thread 0x00007fed7c012800 nmethod 1948 0x000000010303f610 code [0x000000010303f760, 0x000000010303f858]

GC Heap History (10 events):
Event: 24.500 GC heap before
{Heap before GC invocations=18 (full 0):
 PSYoungGen      total 540160K, used 529440K [0x0000000795580000, 0x00000007bde00000, 0x00000007c0000000)
  eden space 529408K, 100% used [0x0000000795580000,0x00000007b5a80000,0x00000007b5a80000)
  from space 10752K, 0% used [0x00000007bc900000,0x00000007bc908000,0x00000007bd380000)
  to   space 10240K, 0% used [0x00000007bd400000,0x00000007bd400000,0x00000007bde00000)
 ParOldGen       total 87552K, used 47110K [0x0000000740000000, 0x0000000745580000, 0x0000000795580000)
  object space 87552K, 53% used [0x0000000740000000,0x0000000742e01978,0x0000000745580000)
 Metaspace       used 13473K, capacity 13688K, committed 13952K, reserved 1060864K
  class space    used 1778K, capacity 1842K, committed 1920K, reserved 1048576K
Event: 24.501 GC heap after
Heap after GC invocations=18 (full 0):
 PSYoungGen      total 505344K, used 0K [0x0000000795580000, 0x00000007bd480000, 0x00000007c0000000)
  eden space 504832K, 0% used [0x0000000795580000,0x0000000795580000,0x00000007b4280000)
  from space 512K, 0% used [0x00000007bd400000,0x00000007bd400000,0x00000007bd480000)
  to   space 9728K, 0% used [0x00000007bc180000,0x00000007bc180000,0x00000007bcb00000)
 ParOldGen       total 87552K, used 47110K [0x0000000740000000, 0x0000000745580000, 0x0000000795580000)
  object space 87552K, 53% used [0x0000000740000000,0x0000000742e01978,0x0000000745580000)
 Metaspace       used 13473K, capacity 13688K, committed 13952K, reserved 1060864K
  class space    used 1778K, capacity 1842K, committed 1920K, reserved 1048576K
}
Event: 25.020 GC heap before
{Heap before GC invocations=19 (full 0):
 PSYoungGen      total 505344K, used 504832K [0x0000000795580000, 0x00000007bd480000, 0x00000007c0000000)
  eden space 504832K, 100% used [0x0000000795580000,0x00000007b4280000,0x00000007b4280000)
  from space 512K, 0% used [0x00000007bd400000,0x00000007bd400000,0x00000007bd480000)
  to   space 9728K, 0% used [0x00000007bc180000,0x00000007bc180000,0x00000007bcb00000)
 ParOldGen       total 87552K, used 47110K [0x0000000740000000, 0x0000000745580000, 0x0000000795580000)
  object space 87552K, 53% used [0x0000000740000000,0x0000000742e01978,0x0000000745580000)
 Metaspace       used 13474K, capacity 13688K, committed 13952K, reserved 1060864K
  class space    used 1778K, capacity 1842K, committed 1920K, reserved 1048576K
Event: 25.021 GC heap after
Heap after GC invocations=19 (full 0):
 PSYoungGen      total 491008K, used 96K [0x0000000795580000, 0x00000007bd480000, 0x00000007c0000000)
  eden space 481280K, 0% used [0x0000000795580000,0x0000000795580000,0x00000007b2b80000)
  from space 9728K, 0% used [0x00000007bc180000,0x00000007bc198000,0x00000007bcb00000)
  to   space 9728K, 0% used [0x00000007bcb00000,0x00000007bcb00000,0x00000007bd480000)
 ParOldGen       total 87552K, used 47118K [0x0000000740000000, 0x0000000745580000, 0x0000000795580000)
  object space 87552K, 53% used [0x0000000740000000,0x0000000742e03978,0x0000000745580000)
 Metaspace       used 13474K, capacity 13688K, committed 13952K, reserved 1060864K
  class space    used 1778K, capacity 1842K, committed 1920K, reserved 1048576K
}
Event: 25.509 GC heap before
{Heap before GC invocations=20 (full 0):
 PSYoungGen      total 491008K, used 481376K [0x0000000795580000, 0x00000007bd480000, 0x00000007c0000000)
  eden space 481280K, 100% used [0x0000000795580000,0x00000007b2b80000,0x00000007b2b80000)
  from space 9728K, 0% used [0x00000007bc180000,0x00000007bc198000,0x00000007bcb00000)
  to   space 9728K, 0% used [0x00000007bcb00000,0x00000007bcb00000,0x00000007bd480000)
 ParOldGen       total 87552K, used 47118K [0x0000000740000000, 0x0000000745580000, 0x0000000795580000)
  object space 87552K, 53% used [0x0000000740000000,0x0000000742e03978,0x0000000745580000)
 Metaspace       used 13474K, capacity 13688K, committed 13952K, reserved 1060864K
  class space    used 1778K, capacity 1842K, committed 1920K, reserved 1048576K
Event: 25.510 GC heap after
Heap after GC invocations=20 (full 0):
 PSYoungGen      total 459776K, used 96K [0x0000000795580000, 0x00000007bcb80000, 0x00000007c0000000)
  eden space 459264K, 0% used [0x0000000795580000,0x0000000795580000,0x00000007b1600000)
  from space 512K, 18% used [0x00000007bcb00000,0x00000007bcb18000,0x00000007bcb80000)
  to   space 9216K, 0% used [0x00000007bb980000,0x00000007bb980000,0x00000007bc280000)
 ParOldGen       total 87552K, used 47134K [0x0000000740000000, 0x0000000745580000, 0x0000000795580000)
  object space 87552K, 53% used [0x0000000740000000,0x0000000742e07978,0x0000000745580000)
 Metaspace       used 13474K, capacity 13688K, committed 13952K, reserved 1060864K
  class space    used 1778K, capacity 1842K, committed 1920K, reserved 1048576K
}
Event: 25.973 GC heap before
{Heap before GC invocations=21 (full 0):
 PSYoungGen      total 459776K, used 459360K [0x0000000795580000, 0x00000007bcb80000, 0x00000007c0000000)
  eden space 459264K, 100% used [0x0000000795580000,0x00000007b1600000,0x00000007b1600000)
  from space 512K, 18% used [0x00000007bcb00000,0x00000007bcb18000,0x00000007bcb80000)
  to   space 9216K, 0% used [0x00000007bb980000,0x00000007bb980000,0x00000007bc280000)
 ParOldGen       total 87552K, used 47134K [0x0000000740000000, 0x0000000745580000, 0x0000000795580000)
  object space 87552K, 53% used [0x0000000740000000,0x0000000742e07978,0x0000000745580000)
 Metaspace       used 13474K, capacity 13688K, committed 13952K, reserved 1060864K
  class space    used 1778K, capacity 1842K, committed 1920K, reserved 1048576K
Event: 25.973 GC heap after
Heap after GC invocations=21 (full 0):
 PSYoungGen      total 447488K, used 64K [0x0000000795580000, 0x00000007bcb80000, 0x00000007c0000000)
  eden space 438272K, 0% used [0x0000000795580000,0x0000000795580000,0x00000007b0180000)
  from space 9216K, 0% used [0x00000007bb980000,0x00000007bb990000,0x00000007bc280000)
  to   space 8704K, 0% used [0x00000007bc300000,0x00000007bc300000,0x00000007bcb80000)
 ParOldGen       total 87552K, used 47134K [0x0000000740000000, 0x0000000745580000, 0x0000000795580000)
  object space 87552K, 53% used [0x0000000740000000,0x0000000742e07978,0x0000000745580000)
 Metaspace       used 13474K, capacity 13688K, committed 13952K, reserved 1060864K
  class space    used 1778K, capacity 1842K, committed 1920K, reserved 1048576K
}
Event: 26.407 GC heap before
{Heap before GC invocations=22 (full 0):
 PSYoungGen      total 447488K, used 438336K [0x0000000795580000, 0x00000007bcb80000, 0x00000007c0000000)
  eden space 438272K, 100% used [0x0000000795580000,0x00000007b0180000,0x00000007b0180000)
  from space 9216K, 0% used [0x00000007bb980000,0x00000007bb990000,0x00000007bc280000)
  to   space 8704K, 0% used [0x00000007bc300000,0x00000007bc300000,0x00000007bcb80000)
 ParOldGen       total 87552K, used 47134K [0x0000000740000000, 0x0000000745580000, 0x0000000795580000)
  object space 87552K, 53% used [0x0000000740000000,0x0000000742e07978,0x0000000745580000)
 Metaspace       used 13474K, capacity 13688K, committed 13952K, reserved 1060864K
  class space    used 1778K, capacity 1842K, committed 1920K, reserved 1048576K
Event: 26.408 GC heap after
Heap after GC invocations=22 (full 0):
 PSYoungGen      total 418816K, used 32K [0x0000000795580000, 0x00000007bc380000, 0x00000007c0000000)
  eden space 418304K, 0% used [0x0000000795580000,0x0000000795580000,0x00000007aee00000)
  from space 512K, 6% used [0x00000007bc300000,0x00000007bc308000,0x00000007bc380000)
  to   space 8192K, 0% used [0x00000007bb380000,0x00000007bb380000,0x00000007bbb80000)
 ParOldGen       total 87552K, used 47134K [0x0000000740000000, 0x0000000745580000, 0x0000000795580000)
  object space 87552K, 53% used [0x0000000740000000,0x0000000742e07978,0x0000000745580000)
 Metaspace       used 13474K, capacity 13688K, committed 13952K, reserved 1060864K
  class space    used 1778K, capacity 1842K, committed 1920K, reserved 1048576K
}

Deoptimization events (10 events):
Event: 3.171 Thread 0x00007fed7ba7e800 Uncommon trap: reason=unstable_if action=reinterpret pc=0x0000000102c2af60 method=java.lang.CharacterData.of(I)Ljava/lang/CharacterData; @ 4
Event: 11.382 Thread 0x00007fed7ba7e800 Uncommon trap: reason=unstable_if action=reinterpret pc=0x0000000102d2f3e4 method=java.lang.StrictMath.floorOrCeil(DDDD)D @ 115
Event: 12.298 Thread 0x00007fed7ba7e800 Uncommon trap: reason=unstable_if action=reinterpret pc=0x0000000102d9c72c method=java.awt.Component.inside(II)Z @ 13
Event: 17.808 Thread 0x00007fed7ba7e800 Uncommon trap: reason=unstable_if action=reinterpret pc=0x0000000102aedc74 method=sun.java2d.pipe.Region.isInsideQuickCheck(Lsun/java2d/pipe/Region;)Z @ 4
Event: 26.678 Thread 0x00007fed7c535800 Uncommon trap: reason=unstable_if action=reinterpret pc=0x0000000102ebac98 method=Board.run()V @ 97
Event: 26.678 Thread 0x00007fed7c535800 Uncommon trap: reason=unstable_if action=reinterpret pc=0x0000000102b63784 method=Board.drawText()V @ 9
Event: 26.686 Thread 0x00007fed7c535800 Uncommon trap: reason=unstable_if action=reinterpret pc=0x0000000102b631e8 method=sun.awt.image.PixelConverter$ArgbPre.rgbToPixel(ILjava/awt/image/ColorModel;)I @ 5
Event: 26.688 Thread 0x00007fed7c535800 Uncommon trap: reason=unstable_if action=reinterpret pc=0x0000000102eb30f4 method=sun.awt.image.PixelConverter$ArgbPre.rgbToPixel(ILjava/awt/image/ColorModel;)I @ 5
Event: 26.688 Thread 0x00007fed7c535800 Uncommon trap: reason=unstable_if action=reinterpret pc=0x0000000102afe478 method=sun.awt.image.PixelConverter$ArgbPre.rgbToPixel(ILjava/awt/image/ColorModel;)I @ 5
Event: 31.853 Thread 0x00007fed7ba7e800 Uncommon trap: reason=unstable_if action=reinterpret pc=0x0000000102e86340 method=java.util.LinkedList.clone()Ljava/lang/Object; @ 31

Internal exceptions (10 events):
Event: 0.431 Thread 0x00007fed7b80d000 Exception <a 'java/security/PrivilegedActionException'> (0x0000000795907a00) thrown at [/Users/java_re/workspace/8-2-build-macosx-x86_64/jdk8u77/6540/hotspot/src/share/vm/prims/jvm.cpp, line 1386]
Event: 0.431 Thread 0x00007fed7b80d000 Exception <a 'java/security/PrivilegedActionException'> (0x0000000795907c10) thrown at [/Users/java_re/workspace/8-2-build-macosx-x86_64/jdk8u77/6540/hotspot/src/share/vm/prims/jvm.cpp, line 1386]
Event: 0.431 Thread 0x00007fed7b80d000 Exception <a 'java/security/PrivilegedActionException'> (0x000000079590aeb0) thrown at [/Users/java_re/workspace/8-2-build-macosx-x86_64/jdk8u77/6540/hotspot/src/share/vm/prims/jvm.cpp, line 1386]
Event: 0.432 Thread 0x00007fed7b80d000 Exception <a 'java/security/PrivilegedActionException'> (0x000000079590b0c0) thrown at [/Users/java_re/workspace/8-2-build-macosx-x86_64/jdk8u77/6540/hotspot/src/share/vm/prims/jvm.cpp, line 1386]
Event: 0.560 Thread 0x00007fed7b80d000 Exception <a 'java/lang/NoSuchFieldError': method resolution failed> (0x00000007959d8408) thrown at [/Users/java_re/workspace/8-2-build-macosx-x86_64/jdk8u77/6540/hotspot/src/share/vm/prims/methodHandles.cpp, line 1146]
Event: 0.575 Thread 0x00007fed7b80d000 Exception <a 'java/lang/NoSuchFieldError': method resolution failed> (0x00000007959e5ba8) thrown at [/Users/java_re/workspace/8-2-build-macosx-x86_64/jdk8u77/6540/hotspot/src/share/vm/prims/methodHandles.cpp, line 1146]
Event: 0.932 Thread 0x00007fed7b80d000 Exception <a 'java/io/FileNotFoundException'> (0x0000000795a60f90) thrown at [/Users/java_re/workspace/8-2-build-macosx-x86_64/jdk8u77/6540/hotspot/src/share/vm/prims/jni.cpp, line 709]
Event: 0.932 Thread 0x00007fed7b80d000 Exception <a 'java/io/FileNotFoundException'> (0x0000000795a61ad8) thrown at [/Users/java_re/workspace/8-2-build-macosx-x86_64/jdk8u77/6540/hotspot/src/share/vm/prims/jni.cpp, line 709]
Event: 1.490 Thread 0x00007fed7c113000 Exception <a 'java/io/FileNotFoundException'> (0x0000000797317608) thrown at [/Users/java_re/workspace/8-2-build-macosx-x86_64/jdk8u77/6540/hotspot/src/share/vm/prims/jni.cpp, line 709]
Event: 3.057 Thread 0x00007fed7a80e000 Exception <a 'java/lang/NullPointerException'> (0x0000000795606760) thrown at [/Users/java_re/workspace/8-2-build-macosx-x86_64/jdk8u77/6540/hotspot/src/share/vm/interpreter/linkResolver.cpp, line 1178]

Events (10 events):
Event: 73.360 Thread 0x00007fed7c012800 flushing nmethod 0x0000000102c81f10
Event: 73.360 Thread 0x00007fed7c012800 flushing nmethod 0x0000000102c83050
Event: 73.360 Thread 0x00007fed7c012800 flushing nmethod 0x0000000102c86950
Event: 73.360 Thread 0x00007fed7c012800 flushing nmethod 0x0000000102c9cb10
Event: 73.481 Thread 0x00007fed7b05e800 flushing nmethod 0x0000000102ca7a90
Event: 73.481 Thread 0x00007fed7b05e800 flushing nmethod 0x0000000102ca7d90
Event: 76.500 Thread 0x00007fed7b05e800 flushing nmethod 0x0000000102d32ed0
Event: 77.559 Thread 0x00007fed7c012800 flushing nmethod 0x0000000102d9bb90
Event: 103.931 Executing VM operation: RevokeBias
Event: 103.931 Executing VM operation: RevokeBias done


Dynamic libraries:
0x0000000001611000 	/System/Library/Frameworks/Cocoa.framework/Versions/A/Cocoa
0x0000000001611000 	/System/Library/Frameworks/Security.framework/Versions/A/Security
0x0000000001611000 	/System/Library/Frameworks/ApplicationServices.framework/Versions/A/ApplicationServices
0x0000000001611000 	/usr/lib/libz.1.dylib
0x0000000001611000 	/usr/lib/libSystem.B.dylib
0x0000000001611000 	/usr/lib/libobjc.A.dylib
0x0000000001611000 	/System/Library/Frameworks/CoreFoundation.framework/Versions/A/CoreFoundation
0x0000000001611000 	/System/Library/Frameworks/Foundation.framework/Versions/C/Foundation
0x0000000001611000 	/System/Library/Frameworks/AppKit.framework/Versions/C/AppKit
0x0000000001611000 	/System/Library/Frameworks/CoreData.framework/Versions/A/CoreData
0x0000000001611000 	/System/Library/PrivateFrameworks/RemoteViewServices.framework/Versions/A/RemoteViewServices
0x0000000001611000 	/System/Library/PrivateFrameworks/UIFoundation.framework/Versions/A/UIFoundation
0x0000000001611000 	/usr/lib/libScreenReader.dylib
0x0000000001611000 	/System/Library/Frameworks/Accelerate.framework/Versions/A/Accelerate
0x0000000001611000 	/System/Library/Frameworks/IOSurface.framework/Versions/A/IOSurface
0x0000000001611000 	/System/Library/Frameworks/AudioToolbox.framework/Versions/A/AudioToolbox
0x0000000001611000 	/System/Library/Frameworks/AudioUnit.framework/Versions/A/AudioUnit
0x0000000001611000 	/System/Library/PrivateFrameworks/DataDetectorsCore.framework/Versions/A/DataDetectorsCore
0x0000000001611000 	/System/Library/PrivateFrameworks/DesktopServicesPriv.framework/Versions/A/DesktopServicesPriv
0x0000000001611000 	/System/Library/Frameworks/Carbon.framework/Versions/A/Frameworks/HIToolbox.framework/Versions/A/HIToolbox
0x0000000001611000 	/System/Library/Frameworks/QuartzCore.framework/Versions/A/QuartzCore
0x0000000001611000 	/System/Library/Frameworks/Carbon.framework/Versions/A/Frameworks/SpeechRecognition.framework/Versions/A/SpeechRecognition
0x0000000001611000 	/usr/lib/libauto.dylib
0x0000000001611000 	/usr/lib/libicucore.A.dylib
0x0000000001611000 	/usr/lib/libxml2.2.dylib
0x0000000001611000 	/System/Library/PrivateFrameworks/CoreUI.framework/Versions/A/CoreUI
0x0000000001611000 	/System/Library/Frameworks/CoreAudio.framework/Versions/A/CoreAudio
0x0000000001611000 	/System/Library/Frameworks/DiskArbitration.framework/Versions/A/DiskArbitration
0x0000000001611000 	/usr/lib/liblangid.dylib
0x0000000001611000 	/System/Library/PrivateFrameworks/MultitouchSupport.framework/Versions/A/MultitouchSupport
0x0000000001611000 	/System/Library/Frameworks/IOKit.framework/Versions/A/IOKit
0x0000000001611000 	/usr/lib/libDiagnosticMessagesClient.dylib
0x0000000001611000 	/System/Library/Frameworks/CoreServices.framework/Versions/A/CoreServices
0x0000000001611000 	/System/Library/PrivateFrameworks/PerformanceAnalysis.framework/Versions/A/PerformanceAnalysis
0x0000000001611000 	/System/Library/PrivateFrameworks/GenerationalStorage.framework/Versions/A/GenerationalStorage
0x0000000001611000 	/System/Library/Frameworks/OpenGL.framework/Versions/A/OpenGL
0x0000000001611000 	/System/Library/PrivateFrameworks/Sharing.framework/Versions/A/Sharing
0x0000000001611000 	/System/Library/Frameworks/CoreGraphics.framework/Versions/A/CoreGraphics
0x0000000001611000 	/System/Library/Frameworks/CoreImage.framework/Versions/A/CoreImage
0x0000000001611000 	/System/Library/Frameworks/CoreText.framework/Versions/A/CoreText
0x0000000001611000 	/System/Library/Frameworks/ImageIO.framework/Versions/A/ImageIO
0x0000000001611000 	/System/Library/PrivateFrameworks/Backup.framework/Versions/A/Backup
0x0000000001611000 	/usr/lib/libextension.dylib
0x0000000001611000 	/usr/lib/libarchive.2.dylib
0x0000000001611000 	/System/Library/Frameworks/CFNetwork.framework/Versions/A/CFNetwork
0x0000000001611000 	/System/Library/Frameworks/SystemConfiguration.framework/Versions/A/SystemConfiguration
0x0000000001611000 	/usr/lib/libCRFSuite.dylib
0x0000000001611000 	/usr/lib/libc++.1.dylib
0x0000000001611000 	/usr/lib/libc++abi.dylib
0x0000000001611000 	/usr/lib/system/libcache.dylib
0x0000000001611000 	/usr/lib/system/libcommonCrypto.dylib
0x0000000001611000 	/usr/lib/system/libcompiler_rt.dylib
0x0000000001611000 	/usr/lib/system/libcopyfile.dylib
0x0000000001611000 	/usr/lib/system/libcorecrypto.dylib
0x0000000001611000 	/usr/lib/system/libdispatch.dylib
0x0000000001611000 	/usr/lib/system/libdyld.dylib
0x0000000001611000 	/usr/lib/system/libkeymgr.dylib
0x0000000001611000 	/usr/lib/system/liblaunch.dylib
0x0000000001611000 	/usr/lib/system/libmacho.dylib
0x0000000001611000 	/usr/lib/system/libquarantine.dylib
0x0000000001611000 	/usr/lib/system/libremovefile.dylib
0x0000000001611000 	/usr/lib/system/libsystem_asl.dylib
0x0000000001611000 	/usr/lib/system/libsystem_blocks.dylib
0x0000000001611000 	/usr/lib/system/libsystem_c.dylib
0x0000000001611000 	/usr/lib/system/libsystem_configuration.dylib
0x0000000001611000 	/usr/lib/system/libsystem_coreservices.dylib
0x0000000001611000 	/usr/lib/system/libsystem_coretls.dylib
0x0000000001611000 	/usr/lib/system/libsystem_dnssd.dylib
0x0000000001611000 	/usr/lib/system/libsystem_info.dylib
0x0000000001611000 	/usr/lib/system/libsystem_kernel.dylib
0x0000000001611000 	/usr/lib/system/libsystem_m.dylib
0x0000000001611000 	/usr/lib/system/libsystem_malloc.dylib
0x0000000001611000 	/usr/lib/system/libsystem_network.dylib
0x0000000001611000 	/usr/lib/system/libsystem_networkextension.dylib
0x0000000001611000 	/usr/lib/system/libsystem_notify.dylib
0x0000000001611000 	/usr/lib/system/libsystem_platform.dylib
0x0000000001611000 	/usr/lib/system/libsystem_pthread.dylib
0x0000000001611000 	/usr/lib/system/libsystem_sandbox.dylib
0x0000000001611000 	/usr/lib/system/libsystem_secinit.dylib
0x0000000001611000 	/usr/lib/system/libsystem_trace.dylib
0x0000000001611000 	/usr/lib/system/libunc.dylib
0x0000000001611000 	/usr/lib/system/libunwind.dylib
0x0000000001611000 	/usr/lib/system/libxpc.dylib
0x0000000001611000 	/usr/lib/libenergytrace.dylib
0x0000000001611000 	/usr/lib/libbsm.0.dylib
0x0000000001611000 	/usr/lib/system/libkxld.dylib
0x0000000001611000 	/usr/lib/libxar.1.dylib
0x0000000001611000 	/usr/lib/libsqlite3.dylib
0x0000000001611000 	/usr/lib/libpam.2.dylib
0x0000000001611000 	/usr/lib/libOpenScriptingUtil.dylib
0x0000000001611000 	/usr/lib/libbz2.1.0.dylib
0x0000000001611000 	/usr/lib/liblzma.5.dylib
0x0000000001611000 	/System/Library/Frameworks/CoreServices.framework/Versions/A/Frameworks/FSEvents.framework/Versions/A/FSEvents
0x0000000001611000 	/System/Library/Frameworks/CoreServices.framework/Versions/A/Frameworks/CarbonCore.framework/Versions/A/CarbonCore
0x0000000001611000 	/System/Library/Frameworks/CoreServices.framework/Versions/A/Frameworks/Metadata.framework/Versions/A/Metadata
0x0000000001611000 	/System/Library/Frameworks/CoreServices.framework/Versions/A/Frameworks/OSServices.framework/Versions/A/OSServices
0x0000000001611000 	/System/Library/Frameworks/CoreServices.framework/Versions/A/Frameworks/SearchKit.framework/Versions/A/SearchKit
0x0000000001611000 	/System/Library/Frameworks/CoreServices.framework/Versions/A/Frameworks/AE.framework/Versions/A/AE
0x0000000001611000 	/System/Library/Frameworks/CoreServices.framework/Versions/A/Frameworks/LaunchServices.framework/Versions/A/LaunchServices
0x0000000001611000 	/System/Library/Frameworks/CoreServices.framework/Versions/A/Frameworks/DictionaryServices.framework/Versions/A/DictionaryServices
0x0000000001611000 	/System/Library/Frameworks/CoreServices.framework/Versions/A/Frameworks/SharedFileList.framework/Versions/A/SharedFileList
0x0000000001611000 	/System/Library/Frameworks/NetFS.framework/Versions/A/NetFS
0x0000000001611000 	/System/Library/PrivateFrameworks/NetAuth.framework/Versions/A/NetAuth
0x0000000001611000 	/System/Library/PrivateFrameworks/login.framework/Versions/A/Frameworks/loginsupport.framework/Versions/A/loginsupport
0x0000000001611000 	/System/Library/PrivateFrameworks/TCC.framework/Versions/A/TCC
0x0000000001611000 	/usr/lib/libmecabra.dylib
0x0000000001611000 	/System/Library/Frameworks/ApplicationServices.framework/Versions/A/Frameworks/ATS.framework/Versions/A/ATS
0x0000000001611000 	/System/Library/Frameworks/ApplicationServices.framework/Versions/A/Frameworks/ColorSync.framework/Versions/A/ColorSync
0x0000000001611000 	/System/Library/Frameworks/ApplicationServices.framework/Versions/A/Frameworks/HIServices.framework/Versions/A/HIServices
0x0000000001611000 	/System/Library/Frameworks/ApplicationServices.framework/Versions/A/Frameworks/LangAnalysis.framework/Versions/A/LangAnalysis
0x0000000001611000 	/System/Library/Frameworks/ApplicationServices.framework/Versions/A/Frameworks/PrintCore.framework/Versions/A/PrintCore
0x0000000001611000 	/System/Library/Frameworks/ApplicationServices.framework/Versions/A/Frameworks/QD.framework/Versions/A/QD
0x0000000001611000 	/System/Library/Frameworks/ApplicationServices.framework/Versions/A/Frameworks/SpeechSynthesis.framework/Versions/A/SpeechSynthesis
0x0000000001611000 	/System/Library/Frameworks/Metal.framework/Versions/A/Metal
0x0000000001611000 	/System/Library/Frameworks/Accelerate.framework/Versions/A/Frameworks/vImage.framework/Versions/A/vImage
0x0000000001611000 	/System/Library/Frameworks/Accelerate.framework/Versions/A/Frameworks/vecLib.framework/Versions/A/vecLib
0x0000000001611000 	/System/Library/Frameworks/Accelerate.framework/Versions/A/Frameworks/vecLib.framework/Versions/A/libvDSP.dylib
0x0000000001611000 	/System/Library/Frameworks/Accelerate.framework/Versions/A/Frameworks/vecLib.framework/Versions/A/libvMisc.dylib
0x0000000001611000 	/System/Library/Frameworks/Accelerate.framework/Versions/A/Frameworks/vecLib.framework/Versions/A/libLAPACK.dylib
0x0000000001611000 	/System/Library/Frameworks/Accelerate.framework/Versions/A/Frameworks/vecLib.framework/Versions/A/libBLAS.dylib
0x0000000001611000 	/System/Library/Frameworks/Accelerate.framework/Versions/A/Frameworks/vecLib.framework/Versions/A/libLinearAlgebra.dylib
0x0000000001611000 	/System/Library/Frameworks/Accelerate.framework/Versions/A/Frameworks/vecLib.framework/Versions/A/libSparseBLAS.dylib
0x0000000001611000 	/System/Library/PrivateFrameworks/GPUCompiler.framework/libmetal_timestamp.dylib
0x0000000001611000 	/System/Library/Frameworks/OpenGL.framework/Versions/A/Libraries/libCoreFSCache.dylib
0x0000000001611000 	/System/Library/PrivateFrameworks/IOAccelerator.framework/Versions/A/IOAccelerator
0x0000000001611000 	/System/Library/Frameworks/ApplicationServices.framework/Versions/A/Frameworks/ATS.framework/Versions/A/Resources/libFontParser.dylib
0x0000000001611000 	/System/Library/Frameworks/ApplicationServices.framework/Versions/A/Frameworks/ATS.framework/Versions/A/Resources/libFontRegistry.dylib
0x0000000001611000 	/System/Library/PrivateFrameworks/AppleVPA.framework/Versions/A/AppleVPA
0x0000000001611000 	/System/Library/PrivateFrameworks/AppleJPEG.framework/Versions/A/AppleJPEG
0x0000000001611000 	/System/Library/Frameworks/ImageIO.framework/Versions/A/Resources/libJPEG.dylib
0x0000000001611000 	/System/Library/Frameworks/ImageIO.framework/Versions/A/Resources/libTIFF.dylib
0x0000000001611000 	/System/Library/Frameworks/ImageIO.framework/Versions/A/Resources/libPng.dylib
0x0000000001611000 	/System/Library/Frameworks/ImageIO.framework/Versions/A/Resources/libGIF.dylib
0x0000000001611000 	/System/Library/Frameworks/ImageIO.framework/Versions/A/Resources/libJP2.dylib
0x0000000001611000 	/System/Library/Frameworks/ImageIO.framework/Versions/A/Resources/libRadiance.dylib
0x0000000001611000 	/System/Library/Frameworks/CoreVideo.framework/Versions/A/CoreVideo
0x0000000001611000 	/System/Library/Frameworks/OpenGL.framework/Versions/A/Libraries/libGLU.dylib
0x0000000001611000 	/System/Library/Frameworks/OpenGL.framework/Versions/A/Libraries/libGFXShared.dylib
0x0000000001611000 	/System/Library/Frameworks/OpenGL.framework/Versions/A/Libraries/libGL.dylib
0x0000000001611000 	/System/Library/Frameworks/OpenGL.framework/Versions/A/Libraries/libGLImage.dylib
0x0000000001611000 	/System/Library/Frameworks/OpenGL.framework/Versions/A/Libraries/libCVMSPluginSupport.dylib
0x0000000001611000 	/System/Library/Frameworks/OpenGL.framework/Versions/A/Libraries/libCoreVMClient.dylib
0x0000000001611000 	/usr/lib/libcups.2.dylib
0x0000000001611000 	/System/Library/Frameworks/Kerberos.framework/Versions/A/Kerberos
0x0000000001611000 	/System/Library/Frameworks/GSS.framework/Versions/A/GSS
0x0000000001611000 	/usr/lib/libresolv.9.dylib
0x0000000001611000 	/usr/lib/libiconv.2.dylib
0x0000000001611000 	/System/Library/PrivateFrameworks/Heimdal.framework/Versions/A/Heimdal
0x0000000001611000 	/usr/lib/libheimdal-asn1.dylib
0x0000000001611000 	/System/Library/Frameworks/OpenDirectory.framework/Versions/A/OpenDirectory
0x0000000001611000 	/System/Library/PrivateFrameworks/CommonAuth.framework/Versions/A/CommonAuth
0x0000000001611000 	/System/Library/Frameworks/OpenDirectory.framework/Versions/A/Frameworks/CFOpenDirectory.framework/Versions/A/CFOpenDirectory
0x0000000001611000 	/System/Library/Frameworks/SecurityFoundation.framework/Versions/A/SecurityFoundation
0x0000000001611000 	/System/Library/PrivateFrameworks/LanguageModeling.framework/Versions/A/LanguageModeling
0x0000000001611000 	/usr/lib/libmarisa.dylib
0x0000000001611000 	/usr/lib/libChineseTokenizer.dylib
0x0000000001611000 	/usr/lib/libcmph.dylib
0x0000000001611000 	/usr/lib/libcompression.dylib
0x0000000001611000 	/System/Library/Frameworks/ServiceManagement.framework/Versions/A/ServiceManagement
0x0000000001611000 	/usr/lib/libxslt.1.dylib
0x0000000001611000 	/System/Library/Frameworks/Carbon.framework/Versions/A/Frameworks/Ink.framework/Versions/A/Ink
0x0000000001611000 	/usr/lib/libFosl_dynamic.dylib
0x0000000001611000 	/System/Library/PrivateFrameworks/FaceCore.framework/Versions/A/FaceCore
0x0000000001611000 	/System/Library/Frameworks/OpenCL.framework/Versions/A/OpenCL
0x0000000001611000 	/System/Library/PrivateFrameworks/CrashReporterSupport.framework/Versions/A/CrashReporterSupport
0x0000000001611000 	/System/Library/PrivateFrameworks/IconServices.framework/Versions/A/IconServices
0x0000000001611000 	/System/Library/PrivateFrameworks/Apple80211.framework/Versions/A/Apple80211
0x0000000001611000 	/System/Library/Frameworks/CoreWLAN.framework/Versions/A/CoreWLAN
0x0000000001611000 	/System/Library/Frameworks/IOBluetooth.framework/Versions/A/IOBluetooth
0x0000000001611000 	/System/Library/PrivateFrameworks/CoreWiFi.framework/Versions/A/CoreWiFi
0x0000000001611000 	/System/Library/Frameworks/CoreBluetooth.framework/Versions/A/CoreBluetooth
0x0000000001611000 	/System/Library/PrivateFrameworks/ChunkingLibrary.framework/Versions/A/ChunkingLibrary
0x0000000001611000 	/System/Library/PrivateFrameworks/DebugSymbols.framework/Versions/A/DebugSymbols
0x0000000001611000 	/System/Library/PrivateFrameworks/CoreSymbolication.framework/Versions/A/CoreSymbolication
0x0000000001611000 	/System/Library/PrivateFrameworks/Symbolication.framework/Versions/A/Symbolication
0x0000000001611000 	/System/Library/PrivateFrameworks/SpeechRecognitionCore.framework/Versions/A/SpeechRecognitionCore
0x0000000101a00000 	/Library/Java/JavaVirtualMachines/jdk1.8.0_77.jdk/Contents/Home/jre/lib/server/libjvm.dylib
0x0000000001611000 	/usr/lib/libstdc++.6.dylib
0x000000010298f000 	/Library/Java/JavaVirtualMachines/jdk1.8.0_77.jdk/Contents/Home/jre/lib/libverify.dylib
0x000000010299d000 	/Library/Java/JavaVirtualMachines/jdk1.8.0_77.jdk/Contents/Home/jre/lib/libjava.dylib
0x00000001029da000 	/Library/Java/JavaVirtualMachines/jdk1.8.0_77.jdk/Contents/Home/jre/lib/libzip.dylib
0x0000000118346000 	/System/Library/Frameworks/JavaVM.framework/Frameworks/JavaRuntimeSupport.framework/JavaRuntimeSupport
0x0000000118361000 	/System/Library/Frameworks/JavaVM.framework/Versions/A/Frameworks/JavaNativeFoundation.framework/Versions/A/JavaNativeFoundation
0x0000000118376000 	/System/Library/Frameworks/JavaVM.framework/Versions/A/JavaVM
0x0000000001611000 	/System/Library/Frameworks/Carbon.framework/Versions/A/Carbon
0x0000000118383000 	/System/Library/PrivateFrameworks/JavaLaunching.framework/Versions/A/JavaLaunching
0x0000000001611000 	/System/Library/Frameworks/Carbon.framework/Versions/A/Frameworks/CommonPanels.framework/Versions/A/CommonPanels
0x0000000001611000 	/System/Library/Frameworks/Carbon.framework/Versions/A/Frameworks/Help.framework/Versions/A/Help
0x0000000001611000 	/System/Library/Frameworks/Carbon.framework/Versions/A/Frameworks/ImageCapture.framework/Versions/A/ImageCapture
0x0000000001611000 	/System/Library/Frameworks/Carbon.framework/Versions/A/Frameworks/OpenScripting.framework/Versions/A/OpenScripting
0x0000000001611000 	/System/Library/Frameworks/Carbon.framework/Versions/A/Frameworks/Print.framework/Versions/A/Print
0x0000000001611000 	/System/Library/Frameworks/Carbon.framework/Versions/A/Frameworks/SecurityHI.framework/Versions/A/SecurityHI
0x000000011a416000 	/Applications/IntelliJ IDEA CE.app/Contents/bin/libbreakgen64.jnilib
0x000000011a41a000 	/Library/Java/JavaVirtualMachines/jdk1.8.0_77.jdk/Contents/Home/jre/lib/libnet.dylib
0x000000011a7c4000 	/Library/Java/JavaVirtualMachines/jdk1.8.0_77.jdk/Contents/Home/jre/lib/libawt.dylib
0x000000011a86c000 	/Library/Java/JavaVirtualMachines/jdk1.8.0_77.jdk/Contents/Home/jre/lib/./libmlib_image.dylib
0x000000011a938000 	/Library/Java/JavaVirtualMachines/jdk1.8.0_77.jdk/Contents/Home/jre/lib/libawt_lwawt.dylib
0x000000011a9ed000 	/Library/Java/JavaVirtualMachines/jdk1.8.0_77.jdk/Contents/Home/jre/lib/./libosxapp.dylib
0x0000000001611000 	/System/Library/Frameworks/ExceptionHandling.framework/Versions/A/ExceptionHandling
0x0000000001611000 	/System/Library/PrivateFrameworks/CoreServicesInternal.framework/Versions/A/CoreServicesInternal
0x0000000001611000 	/System/Library/Frameworks/CoreGraphics.framework/Versions/A/Resources/libRIP.A.dylib
0x0000000001611000 	/System/Library/Frameworks/Accelerate.framework/Versions/A/Frameworks/vImage.framework/Versions/A/Libraries/libCGInterfaces.dylib
0x0000000001611000 	/System/Library/Frameworks/CoreGraphics.framework/Versions/A/Resources/libCGXType.A.dylib
0x0000000001611000 	/System/Library/Frameworks/OpenCL.framework/Versions/A/Libraries/libcldcpuengine.dylib
0x0000000001611000 	/System/Library/PrivateFrameworks/DiskImages.framework/Versions/A/DiskImages
0x0000000001611000 	/System/Library/Frameworks/DiscRecording.framework/Versions/A/DiscRecording
0x0000000001611000 	/usr/lib/libcsfde.dylib
0x0000000001611000 	/usr/lib/libcurl.4.dylib
0x0000000001611000 	/System/Library/PrivateFrameworks/MediaKit.framework/Versions/A/MediaKit
0x0000000001611000 	/System/Library/PrivateFrameworks/ProtectedCloudStorage.framework/Versions/A/ProtectedCloudStorage
0x0000000001611000 	/usr/lib/libCoreStorage.dylib
0x0000000001611000 	/System/Library/PrivateFrameworks/EFILogin.framework/Versions/A/EFILogin
0x0000000001611000 	/usr/lib/libutil.dylib
0x0000000001611000 	/System/Library/PrivateFrameworks/FindMyDevice.framework/Versions/A/FindMyDevice
0x0000000001611000 	/System/Library/Frameworks/LDAP.framework/Versions/A/LDAP
0x0000000001611000 	/usr/lib/libsasl2.2.dylib
0x0000000001611000 	/System/Library/PrivateFrameworks/CoreDaemon.framework/Versions/B/CoreDaemon
0x0000000001611000 	/usr/lib/libcrypto.0.9.8.dylib
0x0000000001611000 	/System/Library/PrivateFrameworks/AppleSRP.framework/Versions/A/AppleSRP
0x0000000001611000 	/System/Library/PrivateFrameworks/TrustEvaluationAgent.framework/Versions/A/TrustEvaluationAgent
0x000000011c55a000 	cl_kernels
0x0000000001611000 	/System/Library/Frameworks/OpenCL.framework/Versions/A/Libraries/ImageFormats/unorm8_bgra.dylib
0x0000000001611000 	/System/Library/Frameworks/OpenCL.framework/Versions/A/Libraries/ImageFormats/unorm8_rgba.dylib
0x0000000001611000 	/System/Library/PrivateFrameworks/FamilyControls.framework/Versions/A/FamilyControls
0x0000000001611000 	/System/Library/PrivateFrameworks/CommerceKit.framework/Versions/A/Frameworks/CommerceCore.framework/Versions/A/CommerceCore
0x0000000001611000 	/System/Library/PrivateFrameworks/SystemAdministration.framework/Versions/A/SystemAdministration
0x0000000001611000 	/System/Library/PrivateFrameworks/AppContainer.framework/Versions/A/AppContainer
0x0000000001611000 	/System/Library/PrivateFrameworks/SecCodeWrapper.framework/Versions/A/SecCodeWrapper
0x0000000001611000 	/System/Library/Frameworks/DirectoryService.framework/Versions/A/DirectoryService
0x0000000001611000 	/System/Library/PrivateFrameworks/LoginUIKit.framework/Versions/A/Frameworks/LoginUICore.framework/Versions/A/LoginUICore
0x0000000001611000 	/usr/lib/libodfde.dylib
0x000000011d635000 	/Library/Java/JavaVirtualMachines/jdk1.8.0_77.jdk/Contents/Home/jre/lib/libfontmanager.dylib
0x0000000001611000 	/System/Library/Frameworks/OpenGL.framework/Versions/A/Resources/GLEngine.bundle/GLEngine
0x0000000001611000 	/System/Library/Frameworks/OpenGL.framework/Versions/A/Libraries/libGLProgrammability.dylib
0x000000011d69c000 	/System/Library/Extensions/AppleIntelBDWGraphicsGLDriver.bundle/Contents/MacOS/AppleIntelBDWGraphicsGLDriver
0x0000000001611000 	/System/Library/PrivateFrameworks/GPUSupport.framework/Versions/A/Libraries/libGPUSupportMercury.dylib
0x0000000001611000 	/System/Library/Frameworks/OpenGL.framework/Versions/A/Resources/GLRendererFloat.bundle/GLRendererFloat
0x000000011e601000 	/Library/Java/JavaVirtualMachines/jdk1.8.0_77.jdk/Contents/Home/jre/lib/libosxui.dylib
0x000000011f060000 	/Library/Java/JavaVirtualMachines/jdk1.8.0_77.jdk/Contents/Home/jre/lib/libjsound.dylib
0x000000011f073000 	/System/Library/Frameworks/CoreMIDI.framework/Versions/A/CoreMIDI
0x000000011f0d3000 	/usr/lib/libexpat.1.dylib
0x000000011f0f6000 	/System/Library/Extensions/AppleHDA.kext/Contents/PlugIns/AppleHDAHALPlugIn.bundle/Contents/MacOS/AppleHDAHALPlugIn
0x00000001201e2000 	/System/Library/Components/CoreAudio.component/Contents/MacOS/CoreAudio
0x00000001203a4000 	/Library/Java/JavaVirtualMachines/jdk1.8.0_77.jdk/Contents/Home/jre/lib/libjpeg.dylib
0x000000012405e000 	/System/Library/Extensions/AppleIntelBDWGraphicsMTLDriver.bundle/Contents/MacOS/AppleIntelBDWGraphicsMTLDriver
0x0000000124758000 	/Library/Java/JavaVirtualMachines/jdk1.8.0_77.jdk/Contents/Home/jre/lib/libnio.dylib
0x0000000001611000 	/System/Library/Frameworks/ApplicationServices.framework/Versions/A/Frameworks/ATS.framework/Versions/A/Resources/libTrueTypeScaler.dylib
0x00000001763ac000 	/Library/Java/JavaVirtualMachines/jdk1.8.0_77.jdk/Contents/Home/jre/lib/libdcpr.dylib
0x0000000001611000 	/System/Library/PrivateFrameworks/Shortcut.framework/Versions/A/Shortcut
0x0000000001611000 	/System/Library/PrivateFrameworks/HelpData.framework/Versions/A/HelpData
0x0000000001611000 	/usr/lib/libtidy.A.dylib

VM Arguments:
jvm_args: -Didea.launcher.port=7534 -Didea.launcher.bin.path=/Applications/IntelliJ IDEA CE.app/Contents/bin -Dfile.encoding=UTF-8 
java_command: com.intellij.rt.execution.application.AppMain Application
java_class_path (initial): /Library/Java/JavaVirtualMachines/jdk1.8.0_77.jdk/Contents/Home/jre/lib/charsets.jar:/Library/Java/JavaVirtualMachines/jdk1.8.0_77.jdk/Contents/Home/jre/lib/deploy.jar:/Library/Java/JavaVirtualMachines/jdk1.8.0_77.jdk/Contents/Home/jre/lib/ext/cldrdata.jar:/Library/Java/JavaVirtualMachines/jdk1.8.0_77.jdk/Contents/Home/jre/lib/ext/dnsns.jar:/Library/Java/JavaVirtualMachines/jdk1.8.0_77.jdk/Contents/Home/jre/lib/ext/jaccess.jar:/Library/Java/JavaVirtualMachines/jdk1.8.0_77.jdk/Contents/Home/jre/lib/ext/jfxrt.jar:/Library/Java/JavaVirtualMachines/jdk1.8.0_77.jdk/Contents/Home/jre/lib/ext/localedata.jar:/Library/Java/JavaVirtualMachines/jdk1.8.0_77.jdk/Contents/Home/jre/lib/ext/nashorn.jar:/Library/Java/JavaVirtualMachines/jdk1.8.0_77.jdk/Contents/Home/jre/lib/ext/sunec.jar:/Library/Java/JavaVirtualMachines/jdk1.8.0_77.jdk/Contents/Home/jre/lib/ext/sunjce_provider.jar:/Library/Java/JavaVirtualMachines/jdk1.8.0_77.jdk/Contents/Home/jre/lib/ext/sunpkcs11.jar:/Library/Java/JavaVirtualMachines/jdk1.8.0_77.jdk/Contents/Home/jre/lib/ext/zipfs.jar:/Library/Java/JavaVirtualMachines/jdk1.8.0_77.jdk/Contents/Home/jre/lib/javaws.jar:/Library/Java/JavaVirtualMachines/jdk1.8.0_77.jdk/Contents/Home/jre/lib/jce.jar:/Library/Java/JavaVirtualMachines/jdk1.8.0_77.jdk/Contents/Home/jre/lib/jfr.jar:/Library/Java/JavaVirtualMachines/jdk1.8.0_77.jdk/Contents/Home/jre/lib/jfxswt.jar:/Library/Java/JavaVirtualMachines/jdk1.8.0_77.jdk/Contents/Home/jre/lib/jsse.jar:/Library/Java/JavaVirtualMachines/jdk1.8.0_77.jdk/Contents/Home/jre/lib/management-agent.jar:/Library/Java/JavaVirtualMachines/jdk1.8.0_77.jdk/Contents/Home/jre/lib/plugin.jar:/Library/Java/JavaVirtualMachines/jdk1.8.0_77.jdk/Contents/Home/jre/lib/resources.jar:/Library/Java/JavaVirtualMachines/jdk1.8.0_77.jdk/Contents/Home/jre/lib/rt.jar:/Library/Java/JavaVirtualMachines/jdk1.8.0_77.jdk/Contents/Home/lib/ant-javafx.jar:/Library/Java/JavaVirtualMachines/jdk1.8.0_77.jdk/Contents/Home/lib/dt.jar:/Library/Ja
Launcher Type: SUN_STANDARD

Environment Variables:
PATH=/usr/local/bin:/usr/bin:/bin:/usr/sbin:/sbin:/Applications/Sublime Text 2.app/Contents/SharedSupport/bin
SHELL=/bin/bash

Signal Handlers:
SIGSEGV: [libjvm.dylib+0x5a6855], sa_mask[0]=11111111011111110111111111111111, sa_flags=SA_ONSTACK|SA_RESTART|SA_SIGINFO
SIGBUS: [libjvm.dylib+0x5a6855], sa_mask[0]=11111111011111110111111111111111, sa_flags=SA_RESTART|SA_SIGINFO
SIGFPE: [libjvm.dylib+0x4804ec], sa_mask[0]=11111111011111110111111111111111, sa_flags=SA_RESTART|SA_SIGINFO
SIGPIPE: [libjvm.dylib+0x4804ec], sa_mask[0]=11111111011111110111111111111111, sa_flags=SA_RESTART|SA_SIGINFO
SIGXFSZ: [libjvm.dylib+0x4804ec], sa_mask[0]=11111111011111110111111111111111, sa_flags=SA_RESTART|SA_SIGINFO
SIGILL: [libjvm.dylib+0x4804ec], sa_mask[0]=11111111011111110111111111111111, sa_flags=SA_RESTART|SA_SIGINFO
SIGUSR1: SIG_DFL, sa_mask[0]=00000000000000000000000000000000, sa_flags=none
SIGUSR2: [libjvm.dylib+0x48000a], sa_mask[0]=00100000000000000000000000000000, sa_flags=SA_RESTART|SA_SIGINFO
SIGHUP: [libjvm.dylib+0x47e5e1], sa_mask[0]=11111111011111110111111111111111, sa_flags=SA_RESTART|SA_SIGINFO
SIGINT: [libjvm.dylib+0x47e5e1], sa_mask[0]=11111111011111110111111111111111, sa_flags=SA_RESTART|SA_SIGINFO
SIGTERM: [libjvm.dylib+0x47e5e1], sa_mask[0]=11111111011111110111111111111111, sa_flags=SA_RESTART|SA_SIGINFO
SIGQUIT: [libjvm.dylib+0x47e5e1], sa_mask[0]=11111111011111110111111111111111, sa_flags=SA_RESTART|SA_SIGINFO


---------------  S Y S T E M  ---------------

OS:Bsduname:Darwin 15.2.0 Darwin Kernel Version 15.2.0: Fri Nov 13 19:56:56 PST 2015; root:xnu-3248.20.55~2/RELEASE_X86_64 x86_64
rlimit: STACK 8192k, CORE 0k, NPROC 709, NOFILE 10240, AS infinity
load average:3.13 2.66 2.16

CPU:total 4 (2 cores per cpu, 2 threads per core) family 6 model 61 stepping 4, cmov, cx8, fxsr, mmx, sse, sse2, sse3, ssse3, sse4.1, sse4.2, popcnt, avx, avx2, aes, clmul, erms, 3dnowpref, lzcnt, ht, tsc, tscinvbit, bmi1, bmi2, adx

Memory: 4k page, physical 8388608k(1851236k free)

/proc/meminfo:


vm_info: Java HotSpot(TM) 64-Bit Server VM (25.77-b03) for bsd-amd64 JRE (1.8.0_77-b03), built on Mar 20 2016 22:14:03 by "java_re" with gcc 4.2.1 (Based on Apple Inc. build 5658) (LLVM build 2336.11.00)

time: Mon Apr 25 21:08:17 2016
elapsed time: 165 seconds (0d 0h 2m 45s)

